[2020-01-19T09:37:36.126] [DEBUG] cheese - login => username:zs,password:123456
[2020-01-19T09:37:36.129] [DEBUG] cheese - zs
[2020-01-19T09:37:36.144] [DEBUG] cheese - null
[2020-01-19T09:37:36.144] [DEBUG] cheese - null
[2020-01-19T09:37:45.423] [DEBUG] cheese - login => username:admin,password:123456
[2020-01-19T09:37:45.423] [DEBUG] cheese - admin
[2020-01-19T09:37:45.432] [DEBUG] cheese - null
[2020-01-19T09:37:45.432] [DEBUG] cheese - null
[2020-01-19T14:58:49.600] [DEBUG] cheese - login => username:admin,password:123456
[2020-01-19T14:58:49.602] [DEBUG] cheese - admin
[2020-01-19T14:58:49.617] [DEBUG] cheese - null
[2020-01-19T14:58:49.618] [DEBUG] cheese - null
[2020-01-19T14:59:44.235] [DEBUG] cheese - login => username:admin,password:123456
[2020-01-19T14:59:44.235] [DEBUG] cheese - admin
[2020-01-19T14:59:44.238] [DEBUG] cheese - null
[2020-01-19T14:59:44.239] [DEBUG] cheese - null
[2020-01-19T15:17:42.569] [DEBUG] cheese - login => username:admin,password:123456
[2020-01-19T15:17:42.570] [DEBUG] cheese - admin
[2020-01-19T15:17:42.574] [DEBUG] cheese - null
[2020-01-19T15:17:42.574] [DEBUG] cheese - null
[2020-01-19T15:18:22.727] [DEBUG] cheese - login => username:admin,password:123456
[2020-01-19T15:18:22.727] [DEBUG] cheese - admin
[2020-01-19T15:18:22.729] [DEBUG] cheese - null
[2020-01-19T15:18:22.729] [DEBUG] cheese - null
[2020-01-19T15:18:26.210] [DEBUG] cheese - login => username:admin,password:123456
[2020-01-19T15:18:26.210] [DEBUG] cheese - admin
[2020-01-19T15:18:26.213] [DEBUG] cheese - null
[2020-01-19T15:18:26.213] [DEBUG] cheese - null
[2020-01-19T15:18:28.096] [DEBUG] cheese - login => username:admina,password:123456
[2020-01-19T15:18:28.096] [DEBUG] cheese - admina
[2020-01-19T15:18:28.098] [DEBUG] cheese - null
[2020-01-19T15:18:28.098] [DEBUG] cheese - null
[2020-01-19T15:25:07.169] [DEBUG] cheese - login => username:admin,password:123456
[2020-01-19T15:25:07.170] [DEBUG] cheese - admin
[2020-01-19T15:25:07.172] [DEBUG] cheese - null
[2020-01-19T15:25:07.173] [DEBUG] cheese - null
[2020-01-19T15:26:31.579] [DEBUG] cheese - login => username:admin,password:123456d
[2020-01-19T15:26:31.579] [DEBUG] cheese - admin
[2020-01-19T15:26:31.581] [DEBUG] cheese - null
[2020-01-19T15:26:31.581] [DEBUG] cheese - null
[2020-01-19T15:26:34.835] [DEBUG] cheese - login => username:admin,password:123456d
[2020-01-19T15:26:34.835] [DEBUG] cheese - admin
[2020-01-19T15:26:34.836] [DEBUG] cheese - null
[2020-01-19T15:26:34.837] [DEBUG] cheese - null
[2020-01-19T15:26:35.293] [DEBUG] cheese - login => username:admin,password:123456d
[2020-01-19T15:26:35.293] [DEBUG] cheese - admin
[2020-01-19T15:26:35.296] [DEBUG] cheese - null
[2020-01-19T15:26:35.296] [DEBUG] cheese - null
[2020-01-19T15:26:40.302] [DEBUG] cheese - login => username:admin,password:123456
[2020-01-19T15:26:40.302] [DEBUG] cheese - admin
[2020-01-19T15:26:40.304] [DEBUG] cheese - null
[2020-01-19T15:26:40.304] [DEBUG] cheese - null
[2020-01-19T15:28:41.289] [DEBUG] cheese - login => username:admin,password:123456
[2020-01-19T15:28:41.289] [DEBUG] cheese - admin
[2020-01-19T15:28:41.291] [DEBUG] cheese - null
[2020-01-19T15:28:41.291] [DEBUG] cheese - null
[2020-01-19T15:29:36.110] [DEBUG] cheese - login => username:admin,password:123456
[2020-01-19T15:29:36.110] [DEBUG] cheese - admin
[2020-01-19T15:29:36.113] [DEBUG] cheese - null
[2020-01-19T15:29:36.113] [DEBUG] cheese - null
[2020-01-19T15:30:03.885] [DEBUG] cheese - login => username:admin,password:123456
[2020-01-19T15:30:03.885] [DEBUG] cheese - admin
[2020-01-19T15:30:03.888] [DEBUG] cheese - null
[2020-01-19T15:30:03.888] [DEBUG] cheese - null
[2020-01-19T15:42:40.236] [DEBUG] cheese - login => username:admin,password:123456
[2020-01-19T15:42:40.236] [DEBUG] cheese - admin
[2020-01-19T15:42:40.239] [DEBUG] cheese - null
[2020-01-19T15:42:40.239] [DEBUG] cheese - null
[2020-01-19T16:03:47.994] [DEBUG] cheese - login => username:admin,password:123456
[2020-01-19T16:03:47.994] [DEBUG] cheese - admin
[2020-01-19T16:03:47.997] [DEBUG] cheese - null
[2020-01-19T16:03:47.997] [DEBUG] cheese - null
[2020-01-19T16:10:45.012] [DEBUG] cheese - login => username:admin,password:123456
[2020-01-19T16:10:45.012] [DEBUG] cheese - admin
[2020-01-19T16:10:45.016] [DEBUG] cheese - null
[2020-01-19T16:10:45.016] [DEBUG] cheese - null
[2020-01-19T16:11:53.433] [DEBUG] cheese - login => username:admin,password:123456
[2020-01-19T16:11:53.433] [DEBUG] cheese - admin
[2020-01-19T16:11:53.436] [DEBUG] cheese - null
[2020-01-19T16:11:53.436] [DEBUG] cheese - null
[2020-01-19T16:18:49.514] [DEBUG] cheese - login => username:admin,password:123456
[2020-01-19T16:18:49.514] [DEBUG] cheese - admin
[2020-01-19T16:18:49.516] [DEBUG] cheese - null
[2020-01-19T16:18:49.517] [DEBUG] cheese - null
[2020-01-19T16:28:16.679] [DEBUG] cheese - login => username:admin,password:123456
[2020-01-19T16:28:16.679] [DEBUG] cheese - admin
[2020-01-19T16:28:16.681] [DEBUG] cheese - null
[2020-01-19T16:28:16.681] [DEBUG] cheese - null
[2020-01-19T16:56:02.532] [DEBUG] cheese - login => username:admin,password:123456
[2020-01-19T16:56:02.533] [DEBUG] cheese - admin
[2020-01-19T16:56:02.536] [DEBUG] cheese - null
[2020-01-19T16:56:02.536] [DEBUG] cheese - null
[2020-01-19T17:21:38.815] [DEBUG] cheese - login => username:admin,password:123456
[2020-01-19T17:21:38.815] [DEBUG] cheese - admin
[2020-01-19T17:21:38.817] [DEBUG] cheese - null
[2020-01-19T17:21:38.817] [DEBUG] cheese - null
[2020-01-19T17:23:50.368] [DEBUG] cheese - login => username:admin,password:123456
[2020-01-19T17:23:50.369] [DEBUG] cheese - admin
[2020-01-19T17:23:50.371] [DEBUG] cheese - null
[2020-01-19T17:23:50.371] [DEBUG] cheese - null
[2020-01-19T17:24:24.053] [DEBUG] cheese - login => username:admin,password:123456
[2020-01-19T17:24:24.053] [DEBUG] cheese - admin
[2020-01-19T17:24:24.055] [DEBUG] cheese - null
[2020-01-19T17:24:24.055] [DEBUG] cheese - null
[2020-01-19T17:28:18.312] [DEBUG] cheese - login => username:admin,password:123456
[2020-01-19T17:28:18.312] [DEBUG] cheese - admin
[2020-01-19T17:28:18.315] [DEBUG] cheese - null
[2020-01-19T17:28:18.315] [DEBUG] cheese - null
[2020-01-19T17:44:37.466] [DEBUG] cheese - login => username:admin,password:123456
[2020-01-19T17:44:37.466] [DEBUG] cheese - admin
[2020-01-19T17:44:37.469] [DEBUG] cheese - null
[2020-01-19T17:44:37.469] [DEBUG] cheese - null
[2020-01-19T17:46:20.424] [DEBUG] cheese - login => username:admin,password:123456
[2020-01-19T17:46:20.424] [DEBUG] cheese - admin
[2020-01-19T17:46:20.428] [DEBUG] cheese - null
[2020-01-19T17:46:20.428] [DEBUG] cheese - null
[2020-01-19T21:53:47.644] [DEBUG] cheese - login => username:admin,password:123456
[2020-01-19T21:53:47.644] [DEBUG] cheese - admin
[2020-01-19T21:53:47.647] [DEBUG] cheese - null
[2020-01-19T21:53:47.647] [DEBUG] cheese - null
[2020-01-19T22:21:52.998] [DEBUG] cheese - login => username:admin,password:123456
[2020-01-19T22:21:52.998] [DEBUG] cheese - admin
[2020-01-19T22:21:53.001] [DEBUG] cheese - null
[2020-01-19T22:21:53.001] [DEBUG] cheese - null
[2020-01-19T23:08:34.335] [DEBUG] cheese - login => username:admin,password:123456
[2020-01-19T23:08:34.335] [DEBUG] cheese - admin
[2020-01-19T23:08:34.337] [DEBUG] cheese - null
[2020-01-19T23:08:34.337] [DEBUG] cheese - null
[2020-01-20T16:15:37.043] [DEBUG] cheese - login => username:admin,password:123456
[2020-01-20T16:15:37.045] [DEBUG] cheese - admin
[2020-01-20T16:15:37.055] [DEBUG] cheese - null
[2020-01-20T16:15:37.056] [DEBUG] cheese - null
[2020-01-20T16:40:51.810] [DEBUG] cheese - login => username:admin,password:123456
[2020-01-20T16:40:51.810] [DEBUG] cheese - admin
[2020-01-20T16:40:51.814] [DEBUG] cheese - null
[2020-01-20T16:40:51.814] [DEBUG] cheese - null
[2020-01-20T23:36:37.377] [DEBUG] cheese - login => username:admin,password:123456
[2020-01-20T23:36:37.378] [DEBUG] cheese - admin
[2020-01-20T23:36:37.380] [DEBUG] cheese - null
[2020-01-20T23:36:37.380] [DEBUG] cheese - null
[2020-01-21T15:57:20.945] [DEBUG] cheese - null
[2020-01-21T23:03:47.319] [DEBUG] cheese - login => username:admin,password:123456
[2020-01-21T23:03:47.320] [DEBUG] cheese - admin
[2020-01-21T23:03:47.323] [DEBUG] cheese - null
[2020-01-21T23:03:47.323] [DEBUG] cheese - null
[2020-01-23T20:44:20.582] [DEBUG] cheese - login => username:admin,password:123456
[2020-01-23T20:44:20.585] [DEBUG] cheese - admin
[2020-01-23T20:44:20.604] [DEBUG] cheese - null
[2020-01-23T20:44:20.605] [DEBUG] cheese - null
[2020-01-25T12:07:27.757] [DEBUG] cheese - login => username:admin,password:123456
[2020-01-25T12:07:27.758] [DEBUG] cheese - admin
[2020-01-25T12:07:27.868] [DEBUG] cheese - null
[2020-01-25T12:07:27.868] [DEBUG] cheese - null
[2020-01-25T17:55:09.328] [DEBUG] cheese - login => username:admin,password:123456
[2020-01-25T17:55:09.328] [DEBUG] cheese - admin
[2020-01-25T17:55:09.330] [DEBUG] cheese - null
[2020-01-25T17:55:09.330] [DEBUG] cheese - null
[2020-01-25T17:56:06.587] [DEBUG] cheese - login => username:admi,password:123456
[2020-01-25T17:56:06.588] [DEBUG] cheese - admi
[2020-01-25T17:56:06.589] [DEBUG] cheese - null
[2020-01-25T17:56:06.589] [DEBUG] cheese - null
[2020-01-25T17:56:10.552] [DEBUG] cheese - login => username:admin,password:123456
[2020-01-25T17:56:10.552] [DEBUG] cheese - admin
[2020-01-25T17:56:10.555] [DEBUG] cheese - null
[2020-01-25T17:56:10.555] [DEBUG] cheese - null
[2020-01-25T17:56:25.692] [DEBUG] cheese - login => username:linken,password:123456
[2020-01-25T17:56:25.692] [DEBUG] cheese - linken
[2020-01-25T17:56:25.695] [DEBUG] cheese - null
[2020-01-25T17:56:25.695] [DEBUG] cheese - null
[2020-01-25T17:56:33.086] [DEBUG] cheese - login => username:admin,password:123456
[2020-01-25T17:56:33.086] [DEBUG] cheese - admin
[2020-01-25T17:56:33.089] [DEBUG] cheese - null
[2020-01-25T17:56:33.089] [DEBUG] cheese - null
[2020-01-25T18:01:11.807] [DEBUG] cheese - login => username:auth,password:123456
[2020-01-25T18:01:11.807] [DEBUG] cheese - auth
[2020-01-25T18:01:11.809] [DEBUG] cheese - null
[2020-01-25T18:01:11.809] [DEBUG] cheese - null
[2020-01-25T18:01:21.331] [DEBUG] cheese - login => username:auth,password:123456
[2020-01-25T18:01:21.331] [DEBUG] cheese - auth
[2020-01-25T18:01:21.333] [DEBUG] cheese - null
[2020-01-25T18:01:21.333] [DEBUG] cheese - null
[2020-01-25T18:01:22.594] [DEBUG] cheese - login => username:admin,password:123456
[2020-01-25T18:01:22.594] [DEBUG] cheese - admin
[2020-01-25T18:01:22.596] [DEBUG] cheese - null
[2020-01-25T18:01:22.596] [DEBUG] cheese - null
[2020-01-25T18:01:46.719] [DEBUG] cheese - login => username:auth,password:123456
[2020-01-25T18:01:46.719] [DEBUG] cheese - auth
[2020-01-25T18:01:46.720] [DEBUG] cheese - null
[2020-01-25T18:01:46.720] [DEBUG] cheese - null
[2020-01-25T18:01:49.042] [DEBUG] cheese - null
[2020-01-25T18:01:49.045] [DEBUG] cheese - null
[2020-01-25T18:01:52.237] [DEBUG] cheese - null
[2020-01-25T18:01:52.238] [DEBUG] cheese - null
[2020-01-25T18:01:53.421] [DEBUG] cheese - null
[2020-01-25T18:01:53.424] [DEBUG] cheese - null
[2020-01-25T18:01:59.201] [DEBUG] cheese - login => username:admin,password:123456
[2020-01-25T18:01:59.201] [DEBUG] cheese - admin
[2020-01-25T18:01:59.202] [DEBUG] cheese - null
[2020-01-25T18:01:59.202] [DEBUG] cheese - null
[2020-01-26T13:07:24.764] [DEBUG] cheese - login => username:admin,password:123456
[2020-01-26T13:07:24.764] [DEBUG] cheese - admin
[2020-01-26T13:07:24.767] [DEBUG] cheese - null
[2020-01-26T13:07:24.767] [DEBUG] cheese - null
[2020-01-26T16:04:29.486] [DEBUG] cheese - login => username:admin,password:123456
[2020-01-26T16:04:29.486] [DEBUG] cheese - admin
[2020-01-26T16:04:29.592] [DEBUG] cheese - null
[2020-01-26T16:04:29.592] [DEBUG] cheese - null
[2020-01-26T17:42:27.771] [DEBUG] cheese - login => username:orders,password:123456
[2020-01-26T17:42:27.772] [DEBUG] cheese - orders
[2020-01-26T17:42:27.776] [DEBUG] cheese - null
[2020-01-26T17:42:27.776] [DEBUG] cheese - null
[2020-01-26T17:42:37.026] [DEBUG] cheese - login => username:admin,password:123456
[2020-01-26T17:42:37.026] [DEBUG] cheese - admin
[2020-01-26T17:42:37.031] [DEBUG] cheese - null
[2020-01-26T17:42:37.031] [DEBUG] cheese - null
[2020-01-26T17:42:51.967] [DEBUG] cheese - login => username:good,password:123456
[2020-01-26T17:42:51.967] [DEBUG] cheese - good
[2020-01-26T17:42:51.968] [DEBUG] cheese - null
[2020-01-26T17:42:51.969] [DEBUG] cheese - null
[2020-01-26T17:42:57.198] [DEBUG] cheese - login => username:good,password:123456
[2020-01-26T17:42:57.198] [DEBUG] cheese - good
[2020-01-26T17:42:57.202] [DEBUG] cheese - null
[2020-01-26T17:42:57.202] [DEBUG] cheese - null
[2020-01-26T17:43:03.117] [DEBUG] cheese - login => username:admin,password:123456
[2020-01-26T17:43:03.117] [DEBUG] cheese - admin
[2020-01-26T17:43:03.121] [DEBUG] cheese - null
[2020-01-26T17:43:03.121] [DEBUG] cheese - null
[2020-01-26T17:59:57.263] [DEBUG] cheese - login => username:linken,password:123456
[2020-01-26T17:59:57.263] [DEBUG] cheese - linken
[2020-01-26T17:59:57.266] [DEBUG] cheese - null
[2020-01-26T17:59:57.266] [DEBUG] cheese - null
[2020-01-26T17:59:59.567] [DEBUG] cheese - null
[2020-01-26T17:59:59.571] [DEBUG] cheese - null
[2020-01-26T18:00:00.669] [DEBUG] cheese - null
[2020-01-26T18:00:00.673] [DEBUG] cheese - null
[2020-01-26T18:00:01.722] [DEBUG] cheese - null
[2020-01-26T18:00:01.725] [DEBUG] cheese - null
[2020-01-26T18:00:12.566] [DEBUG] cheese - null
[2020-01-26T18:00:12.571] [DEBUG] cheese - null
[2020-01-26T18:00:13.701] [DEBUG] cheese - null
[2020-01-26T18:00:13.705] [DEBUG] cheese - null
[2020-01-26T18:00:20.653] [DEBUG] cheese - login => username:admin,password:123456
[2020-01-26T18:00:20.653] [DEBUG] cheese - admin
[2020-01-26T18:00:20.657] [DEBUG] cheese - null
[2020-01-26T18:00:20.657] [DEBUG] cheese - null
[2020-01-26T18:01:02.169] [DEBUG] cheese - login => username:admin,password:123456
[2020-01-26T18:01:02.169] [DEBUG] cheese - admin
[2020-01-26T18:01:02.174] [DEBUG] cheese - null
[2020-01-26T18:01:02.174] [DEBUG] cheese - null
[2020-01-26T18:01:11.646] [DEBUG] cheese - login => username:orders,password:123456
[2020-01-26T18:01:11.646] [DEBUG] cheese - orders
[2020-01-26T18:01:11.650] [DEBUG] cheese - null
[2020-01-26T18:01:11.650] [DEBUG] cheese - null
[2020-01-26T18:01:12.416] [DEBUG] cheese - login => username:orders,password:123456
[2020-01-26T18:01:12.416] [DEBUG] cheese - orders
[2020-01-26T18:01:12.421] [DEBUG] cheese - null
[2020-01-26T18:01:12.421] [DEBUG] cheese - null
[2020-01-26T18:01:12.616] [DEBUG] cheese - login => username:orders,password:123456
[2020-01-26T18:01:12.617] [DEBUG] cheese - orders
[2020-01-26T18:01:12.620] [DEBUG] cheese - null
[2020-01-26T18:01:12.621] [DEBUG] cheese - null
[2020-01-26T18:01:15.327] [DEBUG] cheese - login => username:admin,password:123456
[2020-01-26T18:01:15.327] [DEBUG] cheese - admin
[2020-01-26T18:01:15.331] [DEBUG] cheese - null
[2020-01-26T18:01:15.331] [DEBUG] cheese - null
[2020-01-26T22:01:29.107] [DEBUG] cheese - login => username:admin,password:123456
[2020-01-26T22:01:29.107] [DEBUG] cheese - admin
[2020-01-26T22:01:29.113] [DEBUG] cheese - null
[2020-01-26T22:01:29.113] [DEBUG] cheese - null
[2020-01-28T09:54:49.669] [DEBUG] cheese - login => username:admin,password:123456
[2020-01-28T09:54:49.671] [DEBUG] cheese - admin
[2020-01-28T09:54:49.689] [DEBUG] cheese - null
[2020-01-28T09:54:49.690] [DEBUG] cheese - null
[2020-01-28T09:59:40.428] [DEBUG] cheese - login => username:admin,password:123456
[2020-01-28T09:59:40.428] [DEBUG] cheese - admin
[2020-01-28T09:59:40.431] [DEBUG] cheese - null
[2020-01-28T09:59:40.431] [DEBUG] cheese - null
[2020-01-28T12:56:54.555] [DEBUG] cheese - login => username:admin,password:123456
[2020-01-28T12:56:54.555] [DEBUG] cheese - admin
[2020-01-28T12:56:54.558] [DEBUG] cheese - null
[2020-01-28T12:56:54.558] [DEBUG] cheese - null
[2020-01-29T14:09:05.931] [DEBUG] cheese - login => username:admin,password:123456
[2020-01-29T14:09:05.931] [DEBUG] cheese - admin
[2020-01-29T14:09:05.987] [DEBUG] cheese - null
[2020-01-29T14:09:05.987] [DEBUG] cheese - null
[2020-01-30T13:06:03.979] [DEBUG] cheese - login => username:admin,password:123456
[2020-01-30T13:06:03.981] [DEBUG] cheese - admin
[2020-01-30T13:06:03.998] [DEBUG] cheese - null
[2020-01-30T13:06:03.999] [DEBUG] cheese - null
[2020-01-31T15:04:41.057] [DEBUG] cheese - login => username:admin,password:123456
[2020-01-31T15:04:41.059] [DEBUG] cheese - admin
[2020-01-31T15:04:41.091] [DEBUG] cheese - null
[2020-01-31T15:04:41.091] [DEBUG] cheese - null
[2020-01-31T15:16:39.226] [DEBUG] cheese - login => username:admin,password:123456
[2020-01-31T15:16:39.226] [DEBUG] cheese - admin
[2020-01-31T15:16:39.230] [DEBUG] cheese - null
[2020-01-31T15:16:39.230] [DEBUG] cheese - null
[2020-01-31T15:16:57.411] [DEBUG] cheese - login => username:admin,password:123456
[2020-01-31T15:16:57.412] [DEBUG] cheese - admin
[2020-01-31T15:16:57.416] [DEBUG] cheese - null
[2020-01-31T15:16:57.416] [DEBUG] cheese - null
[2020-01-31T16:45:49.514] [DEBUG] cheese - null
[2020-02-01T15:19:52.934] [DEBUG] cheese - login => username:admin,password:123456
[2020-02-01T15:19:52.934] [DEBUG] cheese - admin
[2020-02-01T15:19:52.943] [DEBUG] cheese - null
[2020-02-01T15:19:52.943] [DEBUG] cheese - null
[2020-02-02T10:55:43.884] [DEBUG] cheese - login => username:admin,password:123456
[2020-02-02T10:55:43.884] [DEBUG] cheese - admin
[2020-02-02T10:55:43.887] [DEBUG] cheese - null
[2020-02-02T10:55:43.887] [DEBUG] cheese - null
[2020-02-02T12:23:43.455] [DEBUG] cheese - login => username:admin,password:123456
[2020-02-02T12:23:43.458] [DEBUG] cheese - admin
[2020-02-02T12:23:43.478] [DEBUG] cheese - null
[2020-02-02T12:23:43.478] [DEBUG] cheese - null
[2020-02-02T12:25:57.106] [DEBUG] cheese - login => username:admin,password:123456
[2020-02-02T12:25:57.106] [DEBUG] cheese - admin
[2020-02-02T12:25:57.112] [DEBUG] cheese - null
[2020-02-02T12:25:57.112] [DEBUG] cheese - null
[2020-02-02T12:27:41.624] [DEBUG] cheese - login => username:admin,password:123456
[2020-02-02T12:27:41.624] [DEBUG] cheese - admin
[2020-02-02T12:27:41.630] [DEBUG] cheese - null
[2020-02-02T12:27:41.630] [DEBUG] cheese - null
[2020-02-02T12:28:10.566] [DEBUG] cheese - login => username:admin5,password:123456
[2020-02-02T12:28:10.566] [DEBUG] cheese - admin5
[2020-02-02T12:28:10.570] [DEBUG] cheese - null
[2020-02-02T12:28:10.571] [DEBUG] cheese - null
[2020-02-02T12:28:31.941] [DEBUG] cheese - login => username:admin,password:123456
[2020-02-02T12:28:31.941] [DEBUG] cheese - admin
[2020-02-02T12:28:31.946] [DEBUG] cheese - null
[2020-02-02T12:28:31.946] [DEBUG] cheese - null
[2020-02-02T12:40:46.618] [DEBUG] cheese - login => username:admin,password:123456
[2020-02-02T12:40:46.619] [DEBUG] cheese - admin
[2020-02-02T12:40:46.622] [DEBUG] cheese - null
[2020-02-02T12:40:46.622] [DEBUG] cheese - null
[2020-02-02T12:47:25.040] [DEBUG] cheese - login => username:admin,password:123456
[2020-02-02T12:47:25.040] [DEBUG] cheese - admin
[2020-02-02T12:47:25.043] [DEBUG] cheese - null
[2020-02-02T12:47:25.043] [DEBUG] cheese - null
[2020-02-02T12:59:06.747] [DEBUG] cheese - login => username:admin,password:123456
[2020-02-02T12:59:06.750] [DEBUG] cheese - admin
[2020-02-02T12:59:06.762] [DEBUG] cheese - null
[2020-02-02T12:59:06.762] [DEBUG] cheese - null
[2020-02-02T13:42:31.266] [DEBUG] cheese - login => username:admin,password:123456
[2020-02-02T13:42:31.266] [DEBUG] cheese - admin
[2020-02-02T13:42:31.272] [DEBUG] cheese - null
[2020-02-02T13:42:31.273] [DEBUG] cheese - null
[2020-02-02T13:42:52.236] [DEBUG] cheese - login => username:admin,password:123456
[2020-02-02T13:42:52.237] [DEBUG] cheese - admin
[2020-02-02T13:42:52.241] [DEBUG] cheese - null
[2020-02-02T13:42:52.241] [DEBUG] cheese - null
[2020-02-02T13:43:22.373] [DEBUG] cheese - login => username:admin,password:123456
[2020-02-02T13:43:22.373] [DEBUG] cheese - admin
[2020-02-02T13:43:22.381] [DEBUG] cheese - null
[2020-02-02T13:43:22.382] [DEBUG] cheese - null
[2020-02-02T13:57:57.669] [DEBUG] cheese - login => username:admin,password:123456
[2020-02-02T13:57:57.669] [DEBUG] cheese - admin
[2020-02-02T13:57:57.675] [DEBUG] cheese - null
[2020-02-02T13:57:57.675] [DEBUG] cheese - null
[2020-02-02T14:01:00.834] [DEBUG] cheese - login => username:admin,password:123456
[2020-02-02T14:01:00.836] [DEBUG] cheese - admin
[2020-02-02T14:01:00.875] [DEBUG] cheese - null
[2020-02-02T14:01:00.876] [DEBUG] cheese - null
[2020-02-02T14:28:33.260] [DEBUG] cheese - login => username:admin,password:123456
[2020-02-02T14:28:33.260] [DEBUG] cheese - admin
[2020-02-02T14:28:33.263] [DEBUG] cheese - null
[2020-02-02T14:28:33.263] [DEBUG] cheese - null
[2020-02-02T14:35:49.467] [DEBUG] cheese - login => username:admin,password:123456
[2020-02-02T14:35:49.467] [DEBUG] cheese - admin
[2020-02-02T14:35:49.470] [DEBUG] cheese - null
[2020-02-02T14:35:49.470] [DEBUG] cheese - null
[2020-02-02T15:29:21.354] [DEBUG] cheese - login => username:admin,password:123456
[2020-02-02T15:29:21.354] [DEBUG] cheese - admin
[2020-02-02T15:29:21.363] [DEBUG] cheese - null
[2020-02-02T15:29:21.363] [DEBUG] cheese - null
[2020-02-02T15:34:42.350] [DEBUG] cheese - login => username:admin,password:123456
[2020-02-02T15:34:42.350] [DEBUG] cheese - admin
[2020-02-02T15:34:42.352] [DEBUG] cheese - null
[2020-02-02T15:34:42.353] [DEBUG] cheese - null
[2020-02-02T16:01:32.433] [DEBUG] cheese - login => username:admin,password:123456
[2020-02-02T16:01:32.433] [DEBUG] cheese - admin
[2020-02-02T16:01:32.435] [DEBUG] cheese - null
[2020-02-02T16:01:32.435] [DEBUG] cheese - null
[2020-02-02T16:11:20.413] [DEBUG] cheese - login => username:admin,password:123456
[2020-02-02T16:11:20.413] [DEBUG] cheese - admin
[2020-02-02T16:11:20.414] [DEBUG] cheese - null
[2020-02-02T16:11:20.414] [DEBUG] cheese - null
[2020-02-05T13:54:07.684] [DEBUG] cheese - login => username:admin,password:123456
[2020-02-05T13:54:07.685] [DEBUG] cheese - admin
[2020-02-05T13:54:07.719] [DEBUG] cheese - null
[2020-02-05T13:54:07.719] [DEBUG] cheese - null
[2020-02-14T17:01:46.873] [DEBUG] cheese - login => username:admin,password:123456
[2020-02-14T17:01:46.876] [DEBUG] cheese - admin
[2020-02-14T17:01:46.900] [DEBUG] cheese - null
[2020-02-14T17:01:46.901] [DEBUG] cheese - null
[2020-02-14T17:50:21.591] [DEBUG] cheese - login => username:admin,password:123456
[2020-02-14T17:50:21.594] [DEBUG] cheese - admin
[2020-02-14T17:50:21.604] [DEBUG] cheese - null
[2020-02-14T17:50:21.604] [DEBUG] cheese - null
[2020-02-14T17:51:46.243] [DEBUG] cheese - login => username:report,password:123456
[2020-02-14T17:51:46.244] [DEBUG] cheese - report
[2020-02-14T17:51:46.247] [DEBUG] cheese - null
[2020-02-14T17:51:46.247] [DEBUG] cheese - null
[2020-02-14T17:51:51.927] [DEBUG] cheese - login => username:admin,password:123456
[2020-02-14T17:51:51.928] [DEBUG] cheese - admin
[2020-02-14T17:51:51.930] [DEBUG] cheese - null
[2020-02-14T17:51:51.930] [DEBUG] cheese - null
[2020-02-14T17:53:05.427] [DEBUG] cheese - login => username:author,password:123456
[2020-02-14T17:53:05.427] [DEBUG] cheese - author
[2020-02-14T17:53:05.429] [DEBUG] cheese - null
[2020-02-14T17:53:05.429] [DEBUG] cheese - null
[2020-02-14T17:53:07.947] [DEBUG] cheese - null
[2020-02-14T17:53:07.949] [DEBUG] cheese - null
[2020-02-14T17:53:13.294] [DEBUG] cheese - null
[2020-02-14T17:53:13.296] [DEBUG] cheese - null
[2020-02-14T17:53:14.599] [DEBUG] cheese - null
[2020-02-14T17:53:14.601] [DEBUG] cheese - null
[2020-02-14T17:53:23.043] [DEBUG] cheese - login => username:admin,password:123456
[2020-02-14T17:53:23.043] [DEBUG] cheese - admin
[2020-02-14T17:53:23.045] [DEBUG] cheese - null
[2020-02-14T17:53:23.045] [DEBUG] cheese - null
[2020-02-15T13:35:26.258] [DEBUG] cheese - login => username:admin,password:123456
[2020-02-15T13:35:26.259] [DEBUG] cheese - admin
[2020-02-15T13:35:26.261] [DEBUG] cheese - null
[2020-02-15T13:35:26.261] [DEBUG] cheese - null
[2020-02-16T12:38:14.875] [DEBUG] cheese - login => username:admin,password:123456
[2020-02-16T12:38:14.875] [DEBUG] cheese - admin
[2020-02-16T12:38:14.885] [DEBUG] cheese - null
[2020-02-16T12:38:14.885] [DEBUG] cheese - null
[2020-02-19T12:23:52.880] [DEBUG] cheese - login => username:admin,password:123456
[2020-02-19T12:23:52.880] [DEBUG] cheese - admin
[2020-02-19T12:23:52.886] [DEBUG] cheese - null
[2020-02-19T12:23:52.887] [DEBUG] cheese - null
[2020-02-19T12:26:17.173] [DEBUG] cheese - login => username:admin,password:123456
[2020-02-19T12:26:17.173] [DEBUG] cheese - admin
[2020-02-19T12:26:17.176] [DEBUG] cheese - null
[2020-02-19T12:26:17.176] [DEBUG] cheese - null
[2020-02-19T12:27:14.420] [DEBUG] cheese - login => username:admin,password:123456
[2020-02-19T12:27:14.420] [DEBUG] cheese - admin
[2020-02-19T12:27:14.422] [DEBUG] cheese - null
[2020-02-19T12:27:14.423] [DEBUG] cheese - null
[2020-02-25T03:10:46.626] [DEBUG] cheese - login => username:admin,password:123456
[2020-02-25T03:10:46.629] [DEBUG] cheese - admin
[2020-02-25T03:10:46.663] [DEBUG] cheese - null
[2020-02-25T03:10:46.663] [DEBUG] cheese - null
[2020-02-25T03:12:31.943] [DEBUG] cheese - login => username:goods,password:123456
[2020-02-25T03:12:31.943] [DEBUG] cheese - goods
[2020-02-25T03:12:31.945] [DEBUG] cheese - null
[2020-02-25T03:12:31.945] [DEBUG] cheese - null
[2020-02-25T03:12:34.412] [DEBUG] cheese - login => username:admin,password:123456
[2020-02-25T03:12:34.412] [DEBUG] cheese - admin
[2020-02-25T03:12:34.415] [DEBUG] cheese - null
[2020-02-25T03:12:34.415] [DEBUG] cheese - null
[2020-02-25T03:12:53.832] [DEBUG] cheese - login => username:good,password:123456
[2020-02-25T03:12:53.832] [DEBUG] cheese - good
[2020-02-25T03:12:53.835] [DEBUG] cheese - null
[2020-02-25T03:12:53.835] [DEBUG] cheese - null
[2020-02-25T03:13:04.899] [DEBUG] cheese - login => username:goods,password:123456
[2020-02-25T03:13:04.899] [DEBUG] cheese - goods
[2020-02-25T03:13:04.901] [DEBUG] cheese - null
[2020-02-25T03:13:04.901] [DEBUG] cheese - null
[2020-02-25T03:13:08.296] [DEBUG] cheese - null
[2020-02-25T03:13:08.298] [DEBUG] cheese - null
[2020-02-25T03:13:24.035] [DEBUG] cheese - null
[2020-02-25T03:13:24.038] [DEBUG] cheese - null
[2020-02-25T03:13:28.201] [DEBUG] cheese - null
[2020-02-25T03:13:28.203] [DEBUG] cheese - null
[2020-02-25T03:13:51.407] [DEBUG] cheese - null
[2020-02-25T03:13:51.410] [DEBUG] cheese - null
[2020-02-25T03:13:56.478] [DEBUG] cheese - null
[2020-02-25T03:13:56.480] [DEBUG] cheese - null
[2020-02-25T03:13:59.727] [DEBUG] cheese - null
[2020-02-25T03:13:59.729] [DEBUG] cheese - null
[2020-02-25T03:14:04.221] [DEBUG] cheese - null
[2020-02-25T03:14:04.224] [DEBUG] cheese - null
[2020-02-25T03:14:04.272] [DEBUG] cheese - null
[2020-02-25T03:14:04.273] [DEBUG] cheese - null
[2020-02-25T03:14:12.593] [DEBUG] cheese - login => username:goods,password:123456
[2020-02-25T03:14:12.593] [DEBUG] cheese - goods
[2020-02-25T03:14:12.596] [DEBUG] cheese - null
[2020-02-25T03:14:12.596] [DEBUG] cheese - null
[2020-02-25T03:14:15.186] [DEBUG] cheese - null
[2020-02-25T03:14:15.188] [DEBUG] cheese - null
[2020-02-25T03:14:16.064] [DEBUG] cheese - null
[2020-02-25T03:14:16.065] [DEBUG] cheese - null
[2020-02-25T03:14:17.239] [DEBUG] cheese - null
[2020-02-25T03:14:17.241] [DEBUG] cheese - null
[2020-02-25T03:14:23.251] [DEBUG] cheese - login => username:admin,password:123456
[2020-02-25T03:14:23.251] [DEBUG] cheese - admin
[2020-02-25T03:14:23.253] [DEBUG] cheese - null
[2020-02-25T03:14:23.253] [DEBUG] cheese - null
[2020-02-25T03:16:13.919] [DEBUG] cheese - login => username:goods,password:123456
[2020-02-25T03:16:13.919] [DEBUG] cheese - goods
[2020-02-25T03:16:13.920] [DEBUG] cheese - null
[2020-02-25T03:16:13.921] [DEBUG] cheese - null
[2020-02-25T03:16:17.235] [DEBUG] cheese - null
[2020-02-25T03:16:17.236] [DEBUG] cheese - null
[2020-02-25T03:16:20.234] [DEBUG] cheese - null
[2020-02-25T03:16:20.239] [DEBUG] cheese - null
[2020-02-25T03:16:21.420] [DEBUG] cheese - null
[2020-02-25T03:16:21.427] [DEBUG] cheese - null
[2020-02-25T03:16:28.501] [DEBUG] cheese - login => username:admin,password:123456
[2020-02-25T03:16:28.502] [DEBUG] cheese - admin
[2020-02-25T03:16:28.513] [DEBUG] cheese - null
[2020-02-25T03:16:28.513] [DEBUG] cheese - null
[2020-02-25T03:23:35.712] [DEBUG] cheese - login => username:admin,password:123456
[2020-02-25T03:23:35.712] [DEBUG] cheese - admin
[2020-02-25T03:23:35.715] [DEBUG] cheese - null
[2020-02-25T03:23:35.715] [DEBUG] cheese - null
[2020-02-25T03:25:38.822] [DEBUG] cheese - null
[2020-02-25T03:26:05.449] [DEBUG] cheese - login => username:linken,password:123456
[2020-02-25T03:26:05.450] [DEBUG] cheese - linken
[2020-02-25T03:26:05.451] [DEBUG] cheese - null
[2020-02-25T03:26:05.451] [DEBUG] cheese - null
[2020-02-25T03:26:07.914] [DEBUG] cheese - null
[2020-02-25T03:26:12.458] [DEBUG] cheese - null
[2020-02-25T03:26:18.375] [DEBUG] cheese - null
[2020-02-25T03:26:18.377] [DEBUG] cheese - null
[2020-02-25T03:26:21.334] [DEBUG] cheese - null
[2020-02-25T03:26:21.335] [DEBUG] cheese - null
[2020-02-25T03:26:22.151] [DEBUG] cheese - null
[2020-02-25T03:26:22.153] [DEBUG] cheese - null
[2020-02-25T03:26:22.799] [DEBUG] cheese - null
[2020-02-25T03:26:22.801] [DEBUG] cheese - null
[2020-02-25T03:26:25.970] [DEBUG] cheese - login => username:admin,password:123456
[2020-02-25T03:26:25.970] [DEBUG] cheese - admin
[2020-02-25T03:26:25.972] [DEBUG] cheese - null
[2020-02-25T03:26:25.972] [DEBUG] cheese - null
[2020-02-25T03:44:58.658] [DEBUG] cheese - login => username:admin,password:123456
[2020-02-25T03:44:58.658] [DEBUG] cheese - admin
[2020-02-25T03:44:58.660] [DEBUG] cheese - null
[2020-02-25T03:44:58.660] [DEBUG] cheese - null
[2020-02-25T09:35:09.360] [DEBUG] cheese - login => username:admin,password:123456
[2020-02-25T09:35:09.360] [DEBUG] cheese - admin
[2020-02-25T09:35:09.361] [DEBUG] cheese - null
[2020-02-25T09:35:09.361] [DEBUG] cheese - null
[2020-02-25T09:35:20.332] [DEBUG] cheese - login => username:goods,password:123456
[2020-02-25T09:35:20.333] [DEBUG] cheese - goods
[2020-02-25T09:35:20.335] [DEBUG] cheese - null
[2020-02-25T09:35:20.335] [DEBUG] cheese - null
[2020-02-25T09:35:22.817] [DEBUG] cheese - null
[2020-02-25T09:35:22.819] [DEBUG] cheese - null
[2020-02-25T09:35:23.402] [DEBUG] cheese - null
[2020-02-25T09:35:23.404] [DEBUG] cheese - null
[2020-02-25T09:35:31.430] [DEBUG] cheese - login => username:author,password:123456
[2020-02-25T09:35:31.430] [DEBUG] cheese - author
[2020-02-25T09:35:31.432] [DEBUG] cheese - null
[2020-02-25T09:35:31.432] [DEBUG] cheese - null
[2020-02-25T09:35:33.625] [DEBUG] cheese - null
[2020-02-25T09:35:33.626] [DEBUG] cheese - null
[2020-02-25T09:35:34.109] [DEBUG] cheese - null
[2020-02-25T09:35:34.110] [DEBUG] cheese - null
[2020-02-25T09:36:07.230] [DEBUG] cheese - login => username:admin,password:123456
[2020-02-25T09:36:07.230] [DEBUG] cheese - admin
[2020-02-25T09:36:07.233] [DEBUG] cheese - null
[2020-02-25T09:36:07.233] [DEBUG] cheese - null
[2020-02-25T09:36:57.448] [DEBUG] cheese - login => username:test,password:123456
[2020-02-25T09:36:57.448] [DEBUG] cheese - test
[2020-02-25T09:36:57.450] [DEBUG] cheese - null
[2020-02-25T09:36:57.451] [DEBUG] cheese - null
[2020-02-25T09:36:59.390] [DEBUG] cheese - login => username:admin,password:123456
[2020-02-25T09:36:59.390] [DEBUG] cheese - admin
[2020-02-25T09:36:59.392] [DEBUG] cheese - null
[2020-02-25T09:36:59.392] [DEBUG] cheese - null
[2020-02-25T09:37:20.461] [DEBUG] cheese - login => username:test,password:123456
[2020-02-25T09:37:20.461] [DEBUG] cheese - test
[2020-02-25T09:37:20.463] [DEBUG] cheese - null
[2020-02-25T09:37:20.463] [DEBUG] cheese - null
[2020-02-25T09:37:22.733] [DEBUG] cheese - null
[2020-02-25T09:37:22.734] [DEBUG] cheese - null
[2020-02-25T09:37:26.423] [DEBUG] cheese - login => username:admin,password:123456
[2020-02-25T09:37:26.424] [DEBUG] cheese - admin
[2020-02-25T09:37:26.425] [DEBUG] cheese - null
[2020-02-25T09:37:26.425] [DEBUG] cheese - null
[2020-02-25T09:37:34.639] [DEBUG] cheese - null
[2020-02-25T09:37:38.764] [DEBUG] cheese - null
[2020-02-25T09:37:44.419] [DEBUG] cheese - login => username:test,password:123456
[2020-02-25T09:37:44.419] [DEBUG] cheese - test
[2020-02-25T09:37:44.422] [DEBUG] cheese - null
[2020-02-25T09:37:44.422] [DEBUG] cheese - null
[2020-02-25T09:52:10.526] [DEBUG] cheese - null
[2020-02-25T09:52:10.528] [DEBUG] cheese - null
[2020-02-25T09:52:11.905] [DEBUG] cheese - null
[2020-02-25T09:52:11.906] [DEBUG] cheese - null
[2020-02-25T09:52:13.187] [DEBUG] cheese - null
[2020-02-25T09:52:13.189] [DEBUG] cheese - null
[2020-02-25T09:52:15.056] [DEBUG] cheese - null
[2020-02-25T09:52:15.057] [DEBUG] cheese - null
[2020-02-25T09:52:25.023] [DEBUG] cheese - null
[2020-02-25T09:52:25.024] [DEBUG] cheese - null
[2020-02-25T09:52:26.311] [DEBUG] cheese - null
[2020-02-25T09:52:26.312] [DEBUG] cheese - null
[2020-03-08T23:33:06.424] [DEBUG] cheese - login => username:admin,password:123456
[2020-03-08T23:33:06.428] [DEBUG] cheese - admin
[2020-03-08T23:33:06.483] [DEBUG] cheese - null
[2020-03-08T23:33:06.484] [DEBUG] cheese - null
[2020-03-08T23:33:18.033] [DEBUG] cheese - login => username:admin,password:123456
[2020-03-08T23:33:18.033] [DEBUG] cheese - admin
[2020-03-08T23:33:18.039] [DEBUG] cheese - null
[2020-03-08T23:33:18.039] [DEBUG] cheese - null
[2020-05-10T14:25:31.868] [DEBUG] cheese - login => username:admin,password:123456
[2020-05-10T14:25:31.870] [DEBUG] cheese - admin
[2020-05-10T14:25:31.873] [DEBUG] cheese - null
[2020-05-10T14:25:31.874] [DEBUG] cheese - null
[2020-05-10T15:07:35.379] [DEBUG] cheese - login => username:admin,password:123456
[2020-05-10T15:07:35.380] [DEBUG] cheese - admin
[2020-05-10T15:07:35.383] [DEBUG] cheese - null
[2020-05-10T15:07:35.384] [DEBUG] cheese - null
[2020-05-10T19:03:52.723] [DEBUG] cheese - null
[2020-05-10T20:19:05.862] [DEBUG] cheese - null
[2020-05-10T20:19:08.042] [DEBUG] cheese - null
[2020-05-10T20:19:14.916] [DEBUG] cheese - null
[2020-05-10T20:20:50.707] [DEBUG] cheese - null
[2020-05-10T20:34:35.234] [DEBUG] cheese - null
[2020-05-10T21:08:59.662] [DEBUG] cheese - null
[2020-05-10T21:09:16.626] [DEBUG] cheese - null
[2020-05-10T21:15:11.631] [DEBUG] cheese - login => username:admin,password:123456
[2020-05-10T21:15:11.631] [DEBUG] cheese - admin
[2020-05-10T21:15:11.642] [DEBUG] cheese - null
[2020-05-10T21:15:11.642] [DEBUG] cheese - null
[2020-05-10T21:15:41.909] [DEBUG] cheese - null
[2020-05-10T21:18:11.022] [DEBUG] cheese - null
[2020-05-10T21:20:39.783] [DEBUG] cheese - null
[2020-05-10T21:20:45.997] [DEBUG] cheese - null
[2020-05-10T21:20:50.276] [DEBUG] cheese - null
[2020-05-10T21:21:09.950] [DEBUG] cheese - null
[2020-05-10T21:21:39.098] [DEBUG] cheese - null
[2020-05-10T21:21:57.069] [DEBUG] cheese - null
[2020-05-10T21:22:59.172] [DEBUG] cheese - null
[2020-05-10T21:23:19.060] [DEBUG] cheese - null
[2020-05-10T21:23:22.356] [DEBUG] cheese - null
[2020-05-10T21:24:14.849] [DEBUG] cheese - null
[2020-05-11T18:50:51.339] [DEBUG] cheese - login => username:admin,password:123456
[2020-05-11T18:50:51.341] [DEBUG] cheese - admin
[2020-05-11T18:50:51.399] [DEBUG] cheese - null
[2020-05-11T18:50:51.399] [DEBUG] cheese - null
[2020-05-11T19:11:07.509] [DEBUG] cheese - login => username:admin,password:123456
[2020-05-11T19:11:07.509] [DEBUG] cheese - admin
[2020-05-11T19:11:07.512] [DEBUG] cheese - null
[2020-05-11T19:11:07.513] [DEBUG] cheese - null
[2020-05-11T19:14:58.951] [DEBUG] cheese - login => username:admin,password:123456
[2020-05-11T19:14:58.951] [DEBUG] cheese - admin
[2020-05-11T19:14:58.955] [DEBUG] cheese - null
[2020-05-11T19:14:58.955] [DEBUG] cheese - null
[2020-05-11T19:15:12.212] [DEBUG] cheese - login => username:admin,password:123456
[2020-05-11T19:15:12.212] [DEBUG] cheese - admin
[2020-05-11T19:15:12.214] [DEBUG] cheese - null
[2020-05-11T19:15:12.214] [DEBUG] cheese - null
[2020-05-11T19:17:08.497] [DEBUG] cheese - null
[2024-07-22T09:42:04.593] [DEBUG] cheese - login => username:admin,password:123456
[2024-07-22T09:42:04.595] [DEBUG] cheese - admin
[2024-07-22T09:42:04.615] [DEBUG] cheese - null
[2024-07-22T09:42:04.615] [DEBUG] cheese - null
[2024-07-22T09:44:49.343] [DEBUG] cheese - login => username:user,password:123456
[2024-07-22T09:44:49.343] [DEBUG] cheese - user
[2024-07-22T09:44:49.351] [DEBUG] cheese - null
[2024-07-22T09:44:49.351] [DEBUG] cheese - null
[2024-07-22T09:45:00.885] [DEBUG] cheese - login => username:admin,password:123456
[2024-07-22T09:45:00.886] [DEBUG] cheese - admin
[2024-07-22T09:45:00.888] [DEBUG] cheese - null
[2024-07-22T09:45:00.889] [DEBUG] cheese - null
[2024-07-23T10:28:55.438] [DEBUG] cheese - login => username:admin,password:123456
[2024-07-23T10:28:55.442] [DEBUG] cheese - admin
[2024-07-23T10:28:55.465] [DEBUG] cheese - null
[2024-07-23T10:28:55.466] [DEBUG] cheese - null
[2024-07-23T15:03:52.038] [DEBUG] cheese - login => username:admin,password:123456
[2024-07-23T15:03:52.040] [DEBUG] cheese - admin
[2024-07-23T15:03:52.070] [DEBUG] cheese - null
[2024-07-23T15:03:52.070] [DEBUG] cheese - null
[2024-07-23T15:52:22.359] [DEBUG] cheese - login => username:admin,password:123456
[2024-07-23T15:52:22.362] [DEBUG] cheese - admin
[2024-07-23T15:52:22.379] [DEBUG] cheese - null
[2024-07-23T15:52:22.379] [DEBUG] cheese - null
[2024-07-23T16:06:28.913] [DEBUG] cheese - login => username:admin,password:1234
[2024-07-23T16:06:28.914] [DEBUG] cheese - admin
[2024-07-23T16:06:28.922] [DEBUG] cheese - null
[2024-07-23T16:06:28.922] [DEBUG] cheese - null
[2024-07-23T16:06:55.563] [DEBUG] cheese - login => username:admin,password:123456
[2024-07-23T16:06:55.564] [DEBUG] cheese - admin
[2024-07-23T16:06:55.567] [DEBUG] cheese - null
[2024-07-23T16:06:55.567] [DEBUG] cheese - null
[2024-07-23T16:07:50.421] [DEBUG] cheese - login => username:admin,password:123456
[2024-07-23T16:07:50.421] [DEBUG] cheese - admin
[2024-07-23T16:07:50.423] [DEBUG] cheese - null
[2024-07-23T16:07:50.423] [DEBUG] cheese - null
[2024-07-23T16:07:55.499] [DEBUG] cheese - login => username:admin,password:1234
[2024-07-23T16:07:55.500] [DEBUG] cheese - admin
[2024-07-23T16:07:55.502] [DEBUG] cheese - null
[2024-07-23T16:07:55.502] [DEBUG] cheese - null
[2024-07-23T16:33:28.431] [DEBUG] cheese - login => username:admin,password:123456
[2024-07-23T16:33:28.431] [DEBUG] cheese - admin
[2024-07-23T16:33:28.437] [DEBUG] cheese - null
[2024-07-23T16:33:28.437] [DEBUG] cheese - null
[2024-07-23T16:52:00.738] [DEBUG] cheese - login => username:admin,password:123456
[2024-07-23T16:52:00.738] [DEBUG] cheese - admin
[2024-07-23T16:52:00.745] [DEBUG] cheese - null
[2024-07-23T16:52:00.745] [DEBUG] cheese - null
[2024-07-23T16:52:54.610] [DEBUG] cheese - login => username:admin,password:123456
[2024-07-23T16:52:54.610] [DEBUG] cheese - admin
[2024-07-23T16:52:54.612] [DEBUG] cheese - null
[2024-07-23T16:52:54.612] [DEBUG] cheese - null
[2024-07-23T16:56:12.023] [DEBUG] cheese - login => username:admin,password:123456
[2024-07-23T16:56:12.023] [DEBUG] cheese - admin
[2024-07-23T16:56:12.030] [DEBUG] cheese - null
[2024-07-23T16:56:12.030] [DEBUG] cheese - null
[2024-07-23T16:58:19.115] [DEBUG] cheese - login => username:admin,password:123456
[2024-07-23T16:58:19.115] [DEBUG] cheese - admin
[2024-07-23T16:58:19.121] [DEBUG] cheese - null
[2024-07-23T16:58:19.121] [DEBUG] cheese - null
[2024-07-23T17:05:41.354] [DEBUG] cheese - login => username:admin,password:123456
[2024-07-23T17:05:41.354] [DEBUG] cheese - admin
[2024-07-23T17:05:41.361] [DEBUG] cheese - null
[2024-07-23T17:05:41.361] [DEBUG] cheese - null
[2024-07-23T17:13:34.792] [DEBUG] cheese - login => username:admin,password:123456
[2024-07-23T17:13:34.792] [DEBUG] cheese - admin
[2024-07-23T17:13:34.798] [DEBUG] cheese - null
[2024-07-23T17:13:34.798] [DEBUG] cheese - null
[2024-07-23T19:27:51.838] [DEBUG] cheese - login => username:发生的,password:收到vv 
[2024-07-23T19:27:51.838] [DEBUG] cheese - 发生的
[2024-07-23T19:27:51.844] [DEBUG] cheese - null
[2024-07-23T19:27:51.844] [DEBUG] cheese - null
[2024-07-23T19:28:00.835] [DEBUG] cheese - login => username:发生的,password:收到vv 
[2024-07-23T19:28:00.835] [DEBUG] cheese - 发生的
[2024-07-23T19:28:00.837] [DEBUG] cheese - null
[2024-07-23T19:28:00.837] [DEBUG] cheese - null
[2024-07-23T19:28:05.413] [DEBUG] cheese - login => username:发生的,password:收到vv 
[2024-07-23T19:28:05.413] [DEBUG] cheese - 发生的
[2024-07-23T19:28:05.414] [DEBUG] cheese - null
[2024-07-23T19:28:05.415] [DEBUG] cheese - null
[2024-07-23T19:28:38.557] [DEBUG] cheese - login => username:是的方法,password:收到vv 
[2024-07-23T19:28:38.557] [DEBUG] cheese - 是的方法
[2024-07-23T19:28:38.559] [DEBUG] cheese - null
[2024-07-23T19:28:38.559] [DEBUG] cheese - null
[2024-07-23T19:29:52.474] [DEBUG] cheese - login => username:是的方法,password:收到vv 
[2024-07-23T19:29:52.474] [DEBUG] cheese - 是的方法
[2024-07-23T19:29:52.476] [DEBUG] cheese - null
[2024-07-23T19:29:52.476] [DEBUG] cheese - null
[2024-07-23T19:29:58.419] [DEBUG] cheese - login => username:是的方法,password:收到vv 
[2024-07-23T19:29:58.419] [DEBUG] cheese - 是的方法
[2024-07-23T19:29:58.421] [DEBUG] cheese - null
[2024-07-23T19:29:58.421] [DEBUG] cheese - null
[2024-07-23T19:36:28.613] [DEBUG] cheese - login => username:收到VS,password:是v从
[2024-07-23T19:36:28.614] [DEBUG] cheese - 收到VS
[2024-07-23T19:36:28.620] [DEBUG] cheese - null
[2024-07-23T19:36:28.620] [DEBUG] cheese - null
[2024-07-23T19:40:15.497] [DEBUG] cheese - login => username:admin,password:123456
[2024-07-23T19:40:15.497] [DEBUG] cheese - admin
[2024-07-23T19:40:15.503] [DEBUG] cheese - null
[2024-07-23T19:40:15.503] [DEBUG] cheese - null
[2024-07-23T19:44:14.528] [DEBUG] cheese - login => username:fdvfdv ,password:vfvsds 
[2024-07-23T19:44:14.528] [DEBUG] cheese - fdvfdv 
[2024-07-23T19:44:14.534] [DEBUG] cheese - null
[2024-07-23T19:44:14.534] [DEBUG] cheese - null
[2024-07-24T08:51:30.380] [DEBUG] cheese - login => username:admin,password:123456
[2024-07-24T08:51:30.382] [DEBUG] cheese - admin
[2024-07-24T08:51:30.404] [DEBUG] cheese - null
[2024-07-24T08:51:30.404] [DEBUG] cheese - null
[2024-07-24T08:54:13.028] [DEBUG] cheese - login => username:admin,password:123456
[2024-07-24T08:54:13.028] [DEBUG] cheese - admin
[2024-07-24T08:54:13.037] [DEBUG] cheese - null
[2024-07-24T08:54:13.037] [DEBUG] cheese - null
[2024-07-24T08:58:23.991] [DEBUG] cheese - login => username:admin,password:123456
[2024-07-24T08:58:23.991] [DEBUG] cheese - admin
[2024-07-24T08:58:23.999] [DEBUG] cheese - null
[2024-07-24T08:58:23.999] [DEBUG] cheese - null
[2024-07-24T09:03:48.235] [DEBUG] cheese - login => username:admin,password:123456
[2024-07-24T09:03:48.236] [DEBUG] cheese - admin
[2024-07-24T09:03:48.244] [DEBUG] cheese - null
[2024-07-24T09:03:48.244] [DEBUG] cheese - null
[2024-07-24T09:51:44.130] [DEBUG] cheese - login => username:admin,password:123456
[2024-07-24T09:51:44.131] [DEBUG] cheese - admin
[2024-07-24T09:51:44.139] [DEBUG] cheese - null
[2024-07-24T09:51:44.139] [DEBUG] cheese - null
[2024-07-24T14:53:26.287] [DEBUG] cheese - login => username:admin,password:123456
[2024-07-24T14:53:26.288] [DEBUG] cheese - admin
[2024-07-24T14:53:26.296] [DEBUG] cheese - null
[2024-07-24T14:53:26.296] [DEBUG] cheese - null
[2024-07-24T15:26:23.313] [DEBUG] cheese - login => username:admin,password:123456
[2024-07-24T15:26:23.313] [DEBUG] cheese - admin
[2024-07-24T15:26:23.322] [DEBUG] cheese - null
[2024-07-24T15:26:23.322] [DEBUG] cheese - null
[2024-07-24T15:46:39.930] [DEBUG] cheese - login => username:admin,password:123456
[2024-07-24T15:46:39.930] [DEBUG] cheese - admin
[2024-07-24T15:46:39.938] [DEBUG] cheese - null
[2024-07-24T15:46:39.938] [DEBUG] cheese - null
[2024-07-24T15:52:11.622] [DEBUG] cheese - login => username:admin,password:123456
[2024-07-24T15:52:11.623] [DEBUG] cheese - admin
[2024-07-24T15:52:11.631] [DEBUG] cheese - null
[2024-07-24T15:52:11.632] [DEBUG] cheese - null
[2024-07-24T15:52:27.588] [DEBUG] cheese - login => username:admin,password:123456
[2024-07-24T15:52:27.588] [DEBUG] cheese - admin
[2024-07-24T15:52:27.591] [DEBUG] cheese - null
[2024-07-24T15:52:27.591] [DEBUG] cheese - null
[2024-07-24T15:52:44.870] [DEBUG] cheese - login => username:admin,password:123456
[2024-07-24T15:52:44.870] [DEBUG] cheese - admin
[2024-07-24T15:52:44.872] [DEBUG] cheese - null
[2024-07-24T15:52:44.872] [DEBUG] cheese - null
[2024-07-24T16:16:17.589] [DEBUG] cheese - login => username:admin,password:123456
[2024-07-24T16:16:17.589] [DEBUG] cheese - admin
[2024-07-24T16:16:17.596] [DEBUG] cheese - null
[2024-07-24T16:16:17.596] [DEBUG] cheese - null
[2024-07-24T16:25:26.819] [DEBUG] cheese - login => username:admin,password:123456
[2024-07-24T16:25:26.819] [DEBUG] cheese - admin
[2024-07-24T16:25:26.828] [DEBUG] cheese - null
[2024-07-24T16:25:26.828] [DEBUG] cheese - null
[2024-07-24T19:37:03.088] [DEBUG] cheese - login => username:admin,password:123456
[2024-07-24T19:37:03.088] [DEBUG] cheese - admin
[2024-07-24T19:37:03.104] [DEBUG] cheese - null
[2024-07-24T19:37:03.104] [DEBUG] cheese - null
[2024-07-25T10:36:32.458] [DEBUG] cheese - login => username:admin,password:123456
[2024-07-25T10:36:32.461] [DEBUG] cheese - admin
[2024-07-25T10:36:32.480] [DEBUG] cheese - null
[2024-07-25T10:36:32.481] [DEBUG] cheese - null
[2024-07-25T10:38:05.915] [DEBUG] cheese - login => username:admin,password:123456
[2024-07-25T10:38:05.916] [DEBUG] cheese - admin
[2024-07-25T10:38:05.920] [DEBUG] cheese - null
[2024-07-25T10:38:05.921] [DEBUG] cheese - null
[2024-07-25T10:38:08.105] [DEBUG] cheese - login => username:admin,password:123456
[2024-07-25T10:38:08.105] [DEBUG] cheese - admin
[2024-07-25T10:38:08.108] [DEBUG] cheese - null
[2024-07-25T10:38:08.108] [DEBUG] cheese - null
[2024-07-25T10:40:31.359] [DEBUG] cheese - login => username:admin,password:123456
[2024-07-25T10:40:31.359] [DEBUG] cheese - admin
[2024-07-25T10:40:31.368] [DEBUG] cheese - null
[2024-07-25T10:40:31.369] [DEBUG] cheese - null
[2024-07-25T10:58:03.623] [DEBUG] cheese - login => username:admin,password:123456
[2024-07-25T10:58:03.623] [DEBUG] cheese - admin
[2024-07-25T10:58:03.632] [DEBUG] cheese - null
[2024-07-25T10:58:03.632] [DEBUG] cheese - null
[2024-07-25T15:01:47.270] [DEBUG] cheese - login => username:admin,password:123456
[2024-07-25T15:01:47.270] [DEBUG] cheese - admin
[2024-07-25T15:01:47.278] [DEBUG] cheese - null
[2024-07-25T15:01:47.279] [DEBUG] cheese - null
[2024-07-25T16:02:17.975] [DEBUG] cheese - login => username:admin,password:123456
[2024-07-25T16:02:17.976] [DEBUG] cheese - admin
[2024-07-25T16:02:17.984] [DEBUG] cheese - null
[2024-07-25T16:02:17.984] [DEBUG] cheese - null
[2024-07-25T16:10:02.727] [DEBUG] cheese - login => username:admin,password:123456
[2024-07-25T16:10:02.727] [DEBUG] cheese - admin
[2024-07-25T16:10:02.737] [DEBUG] cheese - null
[2024-07-25T16:10:02.737] [DEBUG] cheese - null
[2024-07-25T16:15:59.996] [DEBUG] cheese - login => username:admin,password:123456
[2024-07-25T16:15:59.996] [DEBUG] cheese - admin
[2024-07-25T16:16:00.006] [DEBUG] cheese - null
[2024-07-25T16:16:00.006] [DEBUG] cheese - null
[2024-07-25T16:23:45.043] [DEBUG] cheese - login => username:admin,password:123456
[2024-07-25T16:23:45.043] [DEBUG] cheese - admin
[2024-07-25T16:23:45.051] [DEBUG] cheese - null
[2024-07-25T16:23:45.051] [DEBUG] cheese - null
[2024-07-25T16:24:26.219] [DEBUG] cheese - login => username:admin,password:123456
[2024-07-25T16:24:26.220] [DEBUG] cheese - admin
[2024-07-25T16:24:26.222] [DEBUG] cheese - null
[2024-07-25T16:24:26.222] [DEBUG] cheese - null
[2024-07-25T16:26:27.191] [DEBUG] cheese - login => username:admin,password:123456
[2024-07-25T16:26:27.191] [DEBUG] cheese - admin
[2024-07-25T16:26:27.194] [DEBUG] cheese - null
[2024-07-25T16:26:27.194] [DEBUG] cheese - null
[2024-07-25T16:34:33.195] [DEBUG] cheese - login => username:admin,password:123456
[2024-07-25T16:34:33.195] [DEBUG] cheese - admin
[2024-07-25T16:34:33.201] [DEBUG] cheese - null
[2024-07-25T16:34:33.202] [DEBUG] cheese - null
[2024-07-25T16:40:21.034] [DEBUG] cheese - login => username:admin,password:123456
[2024-07-25T16:40:21.034] [DEBUG] cheese - admin
[2024-07-25T16:40:21.041] [DEBUG] cheese - null
[2024-07-25T16:40:21.041] [DEBUG] cheese - null
[2024-07-25T16:46:40.582] [DEBUG] cheese - login => username:admin,password:123456
[2024-07-25T16:46:40.582] [DEBUG] cheese - admin
[2024-07-25T16:46:40.586] [DEBUG] cheese - null
[2024-07-25T16:46:40.587] [DEBUG] cheese - null
[2024-07-25T16:55:11.145] [DEBUG] cheese - login => username:admin,password:123456
[2024-07-25T16:55:11.145] [DEBUG] cheese - admin
[2024-07-25T16:55:11.150] [DEBUG] cheese - null
[2024-07-25T16:55:11.151] [DEBUG] cheese - null
[2024-07-25T19:48:03.795] [DEBUG] cheese - login => username:admin,password:123456
[2024-07-25T19:48:03.795] [DEBUG] cheese - admin
[2024-07-25T19:48:03.799] [DEBUG] cheese - null
[2024-07-25T19:48:03.799] [DEBUG] cheese - null
[2024-07-25T20:14:59.507] [DEBUG] cheese - login => username:admin,password:123456
[2024-07-25T20:14:59.507] [DEBUG] cheese - admin
[2024-07-25T20:14:59.516] [DEBUG] cheese - null
[2024-07-25T20:14:59.516] [DEBUG] cheese - null
[2024-07-25T20:22:13.724] [DEBUG] cheese - login => username:admin,password:123456
[2024-07-25T20:22:13.724] [DEBUG] cheese - admin
[2024-07-25T20:22:13.734] [DEBUG] cheese - null
[2024-07-25T20:22:13.734] [DEBUG] cheese - null
[2024-07-25T20:33:52.284] [DEBUG] cheese - login => username:admin,password:123456
[2024-07-25T20:33:52.284] [DEBUG] cheese - admin
[2024-07-25T20:33:52.290] [DEBUG] cheese - null
[2024-07-25T20:33:52.290] [DEBUG] cheese - null
[2024-07-25T20:35:10.115] [DEBUG] cheese - login => username:admin,password:123456
[2024-07-25T20:35:10.115] [DEBUG] cheese - admin
[2024-07-25T20:35:10.118] [DEBUG] cheese - null
[2024-07-25T20:35:10.118] [DEBUG] cheese - null
[2024-07-25T20:36:47.385] [DEBUG] cheese - login => username:admin,password:123456
[2024-07-25T20:36:47.385] [DEBUG] cheese - admin
[2024-07-25T20:36:47.388] [DEBUG] cheese - null
[2024-07-25T20:36:47.388] [DEBUG] cheese - null
[2024-07-25T20:39:16.380] [DEBUG] cheese - login => username:admin,password:123456
[2024-07-25T20:39:16.380] [DEBUG] cheese - admin
[2024-07-25T20:39:16.383] [DEBUG] cheese - null
[2024-07-25T20:39:16.383] [DEBUG] cheese - null
[2024-07-25T20:43:19.367] [DEBUG] cheese - login => username:admin,password:123456
[2024-07-25T20:43:19.367] [DEBUG] cheese - admin
[2024-07-25T20:43:19.370] [DEBUG] cheese - null
[2024-07-25T20:43:19.370] [DEBUG] cheese - null
[2024-07-25T20:43:46.753] [DEBUG] cheese - login => username:admin,password:123456
[2024-07-25T20:43:46.753] [DEBUG] cheese - admin
[2024-07-25T20:43:46.755] [DEBUG] cheese - null
[2024-07-25T20:43:46.755] [DEBUG] cheese - null
[2024-07-25T20:46:47.763] [DEBUG] cheese - login => username:admin,password:123456
[2024-07-25T20:46:47.763] [DEBUG] cheese - admin
[2024-07-25T20:46:47.765] [DEBUG] cheese - null
[2024-07-25T20:46:47.765] [DEBUG] cheese - null
[2024-07-25T21:01:39.294] [DEBUG] cheese - login => username:admin,password:123456
[2024-07-25T21:01:39.295] [DEBUG] cheese - admin
[2024-07-25T21:01:39.299] [DEBUG] cheese - null
[2024-07-25T21:01:39.300] [DEBUG] cheese - null
[2024-07-25T21:03:34.212] [DEBUG] cheese - login => username:admin,password:123456
[2024-07-25T21:03:34.212] [DEBUG] cheese - admin
[2024-07-25T21:03:34.215] [DEBUG] cheese - null
[2024-07-25T21:03:34.215] [DEBUG] cheese - null
[2024-07-26T08:43:13.014] [DEBUG] cheese - login => username:admin,password:123456
[2024-07-26T08:43:13.017] [DEBUG] cheese - admin
[2024-07-26T08:43:13.040] [DEBUG] cheese - null
[2024-07-26T08:43:13.040] [DEBUG] cheese - null
[2024-07-26T09:03:16.578] [DEBUG] cheese - login => username:admin,password:123456
[2024-07-26T09:03:16.578] [DEBUG] cheese - admin
[2024-07-26T09:03:16.587] [DEBUG] cheese - null
[2024-07-26T09:03:16.587] [DEBUG] cheese - null
[2024-07-26T09:38:40.241] [DEBUG] cheese - login => username:admin,password:123456
[2024-07-26T09:38:40.243] [DEBUG] cheese - admin
[2024-07-26T09:38:40.256] [DEBUG] cheese - null
[2024-07-26T09:38:40.257] [DEBUG] cheese - null
[2024-07-26T11:05:39.393] [DEBUG] cheese - login => username:admin,password:123456
[2024-07-26T11:05:39.394] [DEBUG] cheese - admin
[2024-07-26T11:05:39.406] [DEBUG] cheese - null
[2024-07-26T11:05:39.406] [DEBUG] cheese - null
[2024-07-26T11:34:25.047] [DEBUG] cheese - login => username:admin,password:123456
[2024-07-26T11:34:25.047] [DEBUG] cheese - admin
[2024-07-26T11:34:25.055] [DEBUG] cheese - null
[2024-07-26T11:34:25.055] [DEBUG] cheese - null
[2024-07-26T14:51:58.343] [DEBUG] cheese - login => username:admin,password:123456
[2024-07-26T14:51:58.343] [DEBUG] cheese - admin
[2024-07-26T14:51:58.346] [DEBUG] cheese - null
[2024-07-26T14:51:58.346] [DEBUG] cheese - null
[2024-07-26T15:36:54.393] [DEBUG] cheese - login => username:admin,password:123456
[2024-07-26T15:36:54.393] [DEBUG] cheese - admin
[2024-07-26T15:36:54.397] [DEBUG] cheese - null
[2024-07-26T15:36:54.397] [DEBUG] cheese - null
[2024-07-26T15:39:05.823] [DEBUG] cheese - login => username:admin,password:123456
[2024-07-26T15:39:05.826] [DEBUG] cheese - admin
[2024-07-26T15:39:05.843] [DEBUG] cheese - null
[2024-07-26T15:39:05.843] [DEBUG] cheese - null
[2024-07-26T15:44:27.339] [DEBUG] cheese - login => username:admin,password:123456
[2024-07-26T15:44:27.339] [DEBUG] cheese - admin
[2024-07-26T15:44:27.346] [DEBUG] cheese - null
[2024-07-26T15:44:27.346] [DEBUG] cheese - null
[2024-07-26T15:46:54.550] [DEBUG] cheese - login => username:admin,password:123456
[2024-07-26T15:46:54.550] [DEBUG] cheese - admin
[2024-07-26T15:46:54.560] [DEBUG] cheese - null
[2024-07-26T15:46:54.560] [DEBUG] cheese - null
[2024-07-26T15:51:29.149] [DEBUG] cheese - login => username:admin,password:123456
[2024-07-26T15:51:29.150] [DEBUG] cheese - admin
[2024-07-26T15:51:29.156] [DEBUG] cheese - null
[2024-07-26T15:51:29.157] [DEBUG] cheese - null
[2024-07-26T17:03:41.181] [DEBUG] cheese - login => username:admin,password:123456
[2024-07-26T17:03:41.181] [DEBUG] cheese - admin
[2024-07-26T17:03:41.187] [DEBUG] cheese - null
[2024-07-26T17:03:41.187] [DEBUG] cheese - null
[2024-07-28T14:34:52.478] [DEBUG] cheese - login => username:admin,password:123456
[2024-07-28T14:34:52.482] [DEBUG] cheese - admin
[2024-07-28T14:34:52.504] [DEBUG] cheese - null
[2024-07-28T14:34:52.504] [DEBUG] cheese - null
[2024-07-28T20:49:27.089] [DEBUG] cheese - login => username:admin,password:123456
[2024-07-28T20:49:27.089] [DEBUG] cheese - admin
[2024-07-28T20:49:27.103] [DEBUG] cheese - null
[2024-07-28T20:49:27.103] [DEBUG] cheese - null
[2024-07-28T20:53:43.355] [DEBUG] cheese - login => username:admin,password:123456
[2024-07-28T20:53:43.355] [DEBUG] cheese - admin
[2024-07-28T20:53:43.364] [DEBUG] cheese - null
[2024-07-28T20:53:43.364] [DEBUG] cheese - null
[2024-07-28T22:08:06.183] [DEBUG] cheese - login => username:admin,password:123456
[2024-07-28T22:08:06.184] [DEBUG] cheese - admin
[2024-07-28T22:08:06.192] [DEBUG] cheese - null
[2024-07-28T22:08:06.192] [DEBUG] cheese - null
[2024-07-28T22:20:46.286] [DEBUG] cheese - login => username:admin,password:123456
[2024-07-28T22:20:46.287] [DEBUG] cheese - admin
[2024-07-28T22:20:46.296] [DEBUG] cheese - null
[2024-07-28T22:20:46.296] [DEBUG] cheese - null
[2024-07-28T23:26:58.558] [DEBUG] cheese - login => username:admin,password:123456
[2024-07-28T23:26:58.558] [DEBUG] cheese - admin
[2024-07-28T23:26:58.563] [DEBUG] cheese - null
[2024-07-28T23:26:58.563] [DEBUG] cheese - null
[2024-07-29T08:36:19.646] [DEBUG] cheese - login => username:admin,password:123456
[2024-07-29T08:36:19.649] [DEBUG] cheese - admin
[2024-07-29T08:36:19.671] [DEBUG] cheese - null
[2024-07-29T08:36:19.672] [DEBUG] cheese - null
[2024-07-29T16:44:25.069] [DEBUG] cheese - login => username:admin,password:123456
[2024-07-29T16:44:25.070] [DEBUG] cheese - admin
[2024-07-29T16:44:25.072] [DEBUG] cheese - null
[2024-07-29T16:44:25.072] [DEBUG] cheese - null
[2024-07-29T21:00:36.330] [DEBUG] cheese - login => username:admin,password:123456
[2024-07-29T21:00:36.331] [DEBUG] cheese - admin
[2024-07-29T21:00:36.334] [DEBUG] cheese - null
[2024-07-29T21:00:36.334] [DEBUG] cheese - null
[2024-07-30T08:34:02.263] [DEBUG] cheese - login => username:admin,password:123456
[2024-07-30T08:34:02.267] [DEBUG] cheese - admin
[2024-07-30T08:34:02.289] [DEBUG] cheese - null
[2024-07-30T08:34:02.289] [DEBUG] cheese - null
[2024-07-30T11:46:52.440] [DEBUG] cheese - login => username:admin,password:123456
[2024-07-30T11:46:52.442] [DEBUG] cheese - admin
[2024-07-30T11:46:52.457] [DEBUG] cheese - null
[2024-07-30T11:46:52.458] [DEBUG] cheese - null
[2024-07-30T16:35:55.177] [DEBUG] cheese - null
[2024-07-30T16:36:30.700] [DEBUG] cheese - null
[2024-07-30T16:37:49.046] [DEBUG] cheese - null
[2024-07-30T16:40:28.812] [DEBUG] cheese - null
[2024-07-30T16:42:38.269] [DEBUG] cheese - null
[2024-07-30T16:44:57.733] [DEBUG] cheese - null
[2024-07-30T16:45:58.943] [DEBUG] cheese - null
[2024-07-31T08:56:41.688] [DEBUG] cheese - login => username:admin,password:123456
[2024-07-31T08:56:41.691] [DEBUG] cheese - admin
[2024-07-31T08:56:41.714] [DEBUG] cheese - null
[2024-07-31T08:56:41.715] [DEBUG] cheese - null
[2024-07-31T09:12:35.644] [DEBUG] cheese - null
[2024-07-31T09:12:41.133] [DEBUG] cheese - null
[2024-07-31T09:12:43.277] [DEBUG] cheese - null
[2024-07-31T10:38:20.666] [DEBUG] cheese - null
[2024-07-31T10:40:20.246] [DEBUG] cheese - null
[2024-07-31T10:40:22.284] [DEBUG] cheese - null
[2024-07-31T11:11:59.330] [DEBUG] cheese - login => username:admin,password:123456
[2024-07-31T11:11:59.331] [DEBUG] cheese - admin
[2024-07-31T11:11:59.338] [DEBUG] cheese - null
[2024-07-31T11:11:59.339] [DEBUG] cheese - null
[2024-08-01T14:29:17.042] [DEBUG] cheese - login => username:admin,password:123456
[2024-08-01T14:29:17.046] [DEBUG] cheese - admin
[2024-08-01T14:29:17.072] [DEBUG] cheese - null
[2024-08-01T14:29:17.073] [DEBUG] cheese - null
[2024-08-06T14:35:16.638] [DEBUG] cheese - login => username:admin,password:123456
[2024-08-06T14:35:16.641] [DEBUG] cheese - admin
[2024-08-06T14:35:16.663] [DEBUG] cheese - null
[2024-08-06T14:35:16.664] [DEBUG] cheese - null
[2024-08-06T15:24:25.438] [DEBUG] cheese - login => username:admin,password:123456
[2024-08-06T15:24:25.439] [DEBUG] cheese - admin
[2024-08-06T15:24:25.445] [DEBUG] cheese - null
[2024-08-06T15:24:25.446] [DEBUG] cheese - null
[2024-08-06T15:24:54.420] [DEBUG] cheese - null
[2024-08-06T15:24:56.582] [DEBUG] cheese - null
[2024-08-08T17:10:19.732] [DEBUG] cheese - login => username:admin,password:123456
[2024-08-08T17:10:19.735] [DEBUG] cheese - admin
[2024-08-08T17:10:19.753] [DEBUG] cheese - null
[2024-08-08T17:10:19.754] [DEBUG] cheese - null
[2024-08-08T18:33:19.824] [DEBUG] cheese - login => username:admin,password:123456
[2024-08-08T18:33:19.824] [DEBUG] cheese - admin
[2024-08-08T18:33:19.826] [DEBUG] cheese - null
[2024-08-08T18:33:19.826] [DEBUG] cheese - null
[2024-08-09T11:35:47.567] [DEBUG] cheese - login => username:admin,password:123456
[2024-08-09T11:35:47.570] [DEBUG] cheese - admin
[2024-08-09T11:35:47.592] [DEBUG] cheese - null
[2024-08-09T11:35:47.593] [DEBUG] cheese - null
[2024-08-10T14:26:01.097] [DEBUG] cheese - login => username:admin,password:123456
[2024-08-10T14:26:01.100] [DEBUG] cheese - admin
[2024-08-10T14:26:01.124] [DEBUG] cheese - null
[2024-08-10T14:26:01.124] [DEBUG] cheese - null
[2024-08-10T15:06:01.048] [DEBUG] cheese - login => username:admin,password:123456
[2024-08-10T15:06:01.048] [DEBUG] cheese - admin
[2024-08-10T15:06:01.055] [DEBUG] cheese - null
[2024-08-10T15:06:01.055] [DEBUG] cheese - null
[2024-08-10T18:20:46.387] [DEBUG] cheese - login => username:admin,password:123456
[2024-08-10T18:20:46.389] [DEBUG] cheese - admin
[2024-08-10T18:20:46.395] [DEBUG] cheese - null
[2024-08-10T18:20:46.396] [DEBUG] cheese - null
[2024-08-13T19:28:30.199] [DEBUG] cheese - login => username:admin,password:123456
[2024-08-13T19:28:30.202] [DEBUG] cheese - admin
[2024-08-13T19:28:30.223] [DEBUG] cheese - null
[2024-08-13T19:28:30.224] [DEBUG] cheese - null
[2024-08-13T20:53:36.493] [DEBUG] cheese - login => username:admin,password:123456
[2024-08-13T20:53:36.496] [DEBUG] cheese - admin
[2024-08-13T20:53:36.505] [DEBUG] cheese - null
[2024-08-13T20:53:36.506] [DEBUG] cheese - null
[2024-08-15T00:08:17.881] [DEBUG] cheese - login => username:admin,password:123456
[2024-08-15T00:08:17.882] [DEBUG] cheese - admin
[2024-08-15T00:08:17.904] [DEBUG] cheese - null
[2024-08-15T00:08:17.905] [DEBUG] cheese - null
[2024-08-15T02:13:55.235] [DEBUG] cheese - login => username:admin,password:123456
[2024-08-15T02:13:55.237] [DEBUG] cheese - admin
[2024-08-15T02:13:55.247] [DEBUG] cheese - null
[2024-08-15T02:13:55.248] [DEBUG] cheese - null
[2024-08-16T22:29:38.129] [DEBUG] cheese - login => username:admin,password:123456
[2024-08-16T22:29:38.131] [DEBUG] cheese - admin
[2024-08-16T22:29:38.150] [DEBUG] cheese - null
[2024-08-16T22:29:38.150] [DEBUG] cheese - null
[2024-08-17T20:24:35.196] [DEBUG] cheese - login => username:admin,password:123456
[2024-08-17T20:24:35.198] [DEBUG] cheese - admin
[2024-08-17T20:24:35.206] [DEBUG] cheese - null
[2024-08-17T20:24:35.206] [DEBUG] cheese - null
[2024-08-17T21:28:20.713] [DEBUG] cheese - login => username:admin,password:123456
[2024-08-17T21:28:20.714] [DEBUG] cheese - admin
[2024-08-17T21:28:20.726] [DEBUG] cheese - null
[2024-08-17T21:28:20.727] [DEBUG] cheese - null
[2024-08-19T12:57:37.788] [DEBUG] cheese - login => username:admin,password:123456
[2024-08-19T12:57:37.791] [DEBUG] cheese - admin
[2024-08-19T12:57:37.797] [DEBUG] cheese - null
[2024-08-19T12:57:37.798] [DEBUG] cheese - null
[2024-08-21T15:12:40.808] [DEBUG] cheese - login => username:admin,password:123456
[2024-08-21T15:12:40.812] [DEBUG] cheese - admin
[2024-08-21T15:12:40.834] [DEBUG] cheese - null
[2024-08-21T15:12:40.834] [DEBUG] cheese - null
[2024-08-23T10:53:46.568] [DEBUG] cheese - login => username:admin,password:123456
[2024-08-23T10:53:46.570] [DEBUG] cheese - admin
[2024-08-23T10:53:46.598] [DEBUG] cheese - null
[2024-08-23T10:53:46.598] [DEBUG] cheese - null
[2024-08-25T13:46:54.185] [DEBUG] cheese - login => username:admin,password:123456
[2024-08-25T13:46:54.189] [DEBUG] cheese - admin
[2024-08-25T13:46:54.212] [DEBUG] cheese - null
[2024-08-25T13:46:54.213] [DEBUG] cheese - null
[2024-08-27T16:43:18.670] [DEBUG] cheese - login => username:admin,password:123456
[2024-08-27T16:43:18.674] [DEBUG] cheese - admin
[2024-08-27T16:43:18.696] [DEBUG] cheese - null
[2024-08-27T16:43:18.696] [DEBUG] cheese - null
[2024-09-02T14:31:30.506] [DEBUG] cheese - login => username:admin,password:123456
[2024-09-02T14:31:30.510] [DEBUG] cheese - admin
[2024-09-02T14:31:30.533] [DEBUG] cheese - null
[2024-09-02T14:31:30.533] [DEBUG] cheese - null
[2024-09-02T15:32:16.480] [DEBUG] cheese - null
[2024-09-02T15:34:01.356] [DEBUG] cheese - null
[2024-09-02T15:34:09.639] [DEBUG] cheese - null
[2024-09-02T15:34:24.969] [DEBUG] cheese - null
[2024-09-02T15:39:57.459] [DEBUG] cheese - null
[2024-09-02T15:40:02.219] [DEBUG] cheese - null
[2024-09-02T15:40:19.241] [DEBUG] cheese - null
[2024-09-02T15:41:13.334] [DEBUG] cheese - null
[2024-09-02T15:47:50.046] [DEBUG] cheese - null
[2024-09-02T15:48:42.049] [DEBUG] cheese - null
[2024-09-02T15:51:18.174] [DEBUG] cheese - null
[2024-09-02T15:52:50.721] [DEBUG] cheese - null
[2024-09-03T16:07:18.469] [DEBUG] cheese - login => username:admin,password:123456
[2024-09-03T16:07:18.471] [DEBUG] cheese - admin
[2024-09-03T16:07:18.495] [DEBUG] cheese - null
[2024-09-03T16:07:18.496] [DEBUG] cheese - null
[2024-09-04T04:58:40.337] [DEBUG] cheese - login => username:admin,password:123456
[2024-09-04T04:58:40.340] [DEBUG] cheese - admin
[2024-09-04T04:58:40.369] [DEBUG] cheese - null
[2024-09-04T04:58:40.369] [DEBUG] cheese - null
[2024-09-04T05:28:09.705] [DEBUG] cheese - login => username:admin,password:123456
[2024-09-04T05:28:09.705] [DEBUG] cheese - admin
[2024-09-04T05:28:09.716] [DEBUG] cheese - null
[2024-09-04T05:28:09.716] [DEBUG] cheese - null
[2024-09-04T22:47:17.935] [DEBUG] cheese - login => username:admin,password:123456
[2024-09-04T22:47:17.938] [DEBUG] cheese - admin
[2024-09-04T22:47:17.962] [DEBUG] cheese - null
[2024-09-04T22:47:17.963] [DEBUG] cheese - null
[2024-09-04T23:46:26.619] [DEBUG] cheese - login => username:admin,password:123456
[2024-09-04T23:46:26.620] [DEBUG] cheese - admin
[2024-09-04T23:46:26.637] [DEBUG] cheese - null
[2024-09-04T23:46:26.637] [DEBUG] cheese - null
